<?xml version="1.0" encoding="UTF-8"?>
<!-- Generated by org.testng.reporters.JUnitReportReporter -->
<testsuite hostname="Dell" failures="0" tests="4" name="api.tests.UserTests" time="3.257" errors="0" timestamp="2024-09-16T17:27:18 GMT-05:00" skipped="0">
  <testcase classname="api.tests.UserTests" name="createUser" time="2.214"/>
  <testcase classname="api.tests.UserTests" name="getUser" time="0.348"/>
  <testcase classname="api.tests.UserTests" name="updateUser" time="0.350"/>
  <testcase classname="api.tests.UserTests" name="deleteUser" time="0.345"/>
</testsuite> <!-- api.tests.UserTests -->
